#
# There is insufficient memory for the Java Runtime Environment to continue.
# Native memory allocation (malloc) failed to allocate 32744 bytes for ChunkPool::allocate
# Possible reasons:
#   The system is out of physical RAM or swap space
#   The process is running with CompressedOops enabled, and the Java Heap may be blocking the growth of the native heap
# Possible solutions:
#   Reduce memory load on the system
#   Increase physical memory or swap space
#   Check if swap backing store is full
#   Decrease Java heap size (-Xmx/-Xms)
#   Decrease number of Java threads
#   Decrease Java thread stack sizes (-Xss)
#   Set larger code cache with -XX:ReservedCodeCacheSize=
#   JVM is running with Unscaled Compressed Oops mode in which the Java heap is
#     placed in the first 4GB address space. The Java Heap base address is the
#     maximum limit for the native heap growth. Please use -XX:HeapBaseMinAddress
#     to set the Java Heap base and to place the Java Heap above 4GB virtual address.
# This output file may be truncated or incomplete.
#
#  Out of Memory Error (arena.cpp:78), pid=3644, tid=10156
#
# JRE version: OpenJDK Runtime Environment Temurin-17.0.1+12 (17.0.1+12) (build 17.0.1+12)
# Java VM: OpenJDK 64-Bit Server VM Temurin-17.0.1+12 (17.0.1+12, mixed mode, tiered, compressed oops, compressed class ptrs, parallel gc, windows-amd64)
# No core dump will be written. Minidumps are not enabled by default on client versions of Windows
#

---------------  S U M M A R Y ------------

Command Line: --add-modules=ALL-SYSTEM --add-opens=java.base/java.util=ALL-UNNAMED --add-opens=java.base/java.lang=ALL-UNNAMED -Declipse.application=org.eclipse.jdt.ls.core.id1 -Dosgi.bundles.defaultStartLevel=4 -Declipse.product=org.eclipse.jdt.ls.core.product -Djava.import.generatesMetadataFilesAtProjectRoot=false -Dfile.encoding=utf8 -DwatchParentProcess=false -XX:+UseParallelGC -XX:GCTimeRatio=4 -XX:AdaptiveSizePolicyWeight=90 -Dsun.zip.disableMemoryMapping=true -Xmx1G -Xms100m -javaagent:c:\Users\ACER\.vscode\extensions\gabrielbb.vscode-lombok-1.0.1\server\lombok.jar c:\Users\ACER\.vscode\extensions\redhat.java-1.2.0\server\plugins\org.eclipse.equinox.launcher_1.6.400.v20210924-0641.jar -configuration c:\Users\ACER\AppData\Roaming\Code\User\globalStorage\redhat.java\1.2.0\config_ss_win -data c:\Users\ACER\AppData\Roaming\Code\User\workspaceStorage\91839c9c720871b346667696af2e35f5\redhat.java\ss_ws

Host: Intel(R) Celeron(R) N4000 CPU @ 1.10GHz, 2 cores, 3G,  Windows 10 , 64 bit Build 19041 (10.0.19041.1348)
Time: Thu Jan 13 18:07:02 2022 Malay Peninsula Standard Time elapsed time: 61.817507 seconds (0d 0h 1m 1s)

---------------  T H R E A D  ---------------

Current thread (0x000001e45d760af0):  JavaThread "C2 CompilerThread0" daemon [_thread_in_native, id=10156, stack(0x0000005c65300000,0x0000005c65400000)]


Current CompileTask:
C2:  61817 4706       4       org.eclipse.jdt.internal.compiler.parser.Parser::consumeRule (7754 bytes)

Stack: [0x0000005c65300000,0x0000005c65400000]
Native frames: (J=compiled Java code, j=interpreted, Vv=VM code, C=native code)
V  [jvm.dll+0x6744da]
V  [jvm.dll+0x82e144]
V  [jvm.dll+0x82f8ee]
V  [jvm.dll+0x82ff53]
V  [jvm.dll+0x245175]
V  [jvm.dll+0xabaa0]
V  [jvm.dll+0xabdec]
V  [jvm.dll+0x90f45]
V  [jvm.dll+0x6004f5]
V  [jvm.dll+0x60610b]
V  [jvm.dll+0x6056d7]
V  [jvm.dll+0x606ecb]
V  [jvm.dll+0x605434]
V  [jvm.dll+0x217ea8]
V  [jvm.dll+0x217451]
V  [jvm.dll+0x1a355d]
V  [jvm.dll+0x226e38]
V  [jvm.dll+0x224f7c]
V  [jvm.dll+0x7e3f5b]
V  [jvm.dll+0x7de51a]
V  [jvm.dll+0x673305]
C  [ucrtbase.dll+0x21bb2]
C  [KERNEL32.DLL+0x17034]
C  [ntdll.dll+0x52651]


---------------  P R O C E S S  ---------------

Threads class SMR info:
_java_thread_list=0x000001e4607cfc10, length=22, elements={
0x000001e44993d270, 0x000001e45d70db50, 0x000001e45d710620, 0x000001e45d736140,
0x000001e45d736c00, 0x000001e45d737e60, 0x000001e45d73a830, 0x000001e45d760af0,
0x000001e45d7617f0, 0x000001e45d7724a0, 0x000001e45ebce9e0, 0x000001e45ebcc360,
0x000001e45ebceeb0, 0x000001e45ebcb4f0, 0x000001e45ebcd1d0, 0x000001e45ebcb9c0,
0x000001e45ebce040, 0x000001e45ebcd6a0, 0x000001e45ebcdb70, 0x000001e45ebcbe90,
0x000001e45ebccd00, 0x000001e460d77e10
}

Java Threads: ( => current thread )
  0x000001e44993d270 JavaThread "main" [_thread_blocked, id=11800, stack(0x0000005c64a00000,0x0000005c64b00000)]
  0x000001e45d70db50 JavaThread "Reference Handler" daemon [_thread_blocked, id=5840, stack(0x0000005c64d00000,0x0000005c64e00000)]
  0x000001e45d710620 JavaThread "Finalizer" daemon [_thread_blocked, id=5960, stack(0x0000005c64e00000,0x0000005c64f00000)]
  0x000001e45d736140 JavaThread "Signal Dispatcher" daemon [_thread_blocked, id=11332, stack(0x0000005c64f00000,0x0000005c65000000)]
  0x000001e45d736c00 JavaThread "Attach Listener" daemon [_thread_blocked, id=9628, stack(0x0000005c65000000,0x0000005c65100000)]
  0x000001e45d737e60 JavaThread "Service Thread" daemon [_thread_blocked, id=11056, stack(0x0000005c65100000,0x0000005c65200000)]
  0x000001e45d73a830 JavaThread "Monitor Deflation Thread" daemon [_thread_blocked, id=8356, stack(0x0000005c65200000,0x0000005c65300000)]
=>0x000001e45d760af0 JavaThread "C2 CompilerThread0" daemon [_thread_in_native, id=10156, stack(0x0000005c65300000,0x0000005c65400000)]
  0x000001e45d7617f0 JavaThread "C1 CompilerThread0" daemon [_thread_in_vm, id=8972, stack(0x0000005c65400000,0x0000005c65500000)]
  0x000001e45d7724a0 JavaThread "Sweeper thread" daemon [_thread_blocked, id=3836, stack(0x0000005c65500000,0x0000005c65600000)]
  0x000001e45ebce9e0 JavaThread "Common-Cleaner" daemon [_thread_blocked, id=1672, stack(0x0000005c65600000,0x0000005c65700000)]
  0x000001e45ebcc360 JavaThread "Notification Thread" daemon [_thread_blocked, id=5940, stack(0x0000005c65700000,0x0000005c65800000)]
  0x000001e45ebceeb0 JavaThread "Active Thread: Equinox Container: 4965bbc3-3bf0-4b2d-8f54-33d265dd95fb" [_thread_blocked, id=6832, stack(0x0000005c65a00000,0x0000005c65b00000)]
  0x000001e45ebcb4f0 JavaThread "Framework Event Dispatcher: Equinox Container: 4965bbc3-3bf0-4b2d-8f54-33d265dd95fb" daemon [_thread_blocked, id=5564, stack(0x0000005c65b00000,0x0000005c65c00000)]
  0x000001e45ebcd1d0 JavaThread "Start Level: Equinox Container: 4965bbc3-3bf0-4b2d-8f54-33d265dd95fb" daemon [_thread_blocked, id=8012, stack(0x0000005c65c00000,0x0000005c65d00000)]
  0x000001e45ebcb9c0 JavaThread "SCR Component Actor" daemon [_thread_blocked, id=11884, stack(0x0000005c65d00000,0x0000005c65e00000)]
  0x000001e45ebce040 JavaThread "Worker-JM" [_thread_blocked, id=9588, stack(0x0000005c65f00000,0x0000005c66000000)]
  0x000001e45ebcd6a0 JavaThread "Worker-0" [_thread_blocked, id=11724, stack(0x0000005c66000000,0x0000005c66100000)]
  0x000001e45ebcdb70 JavaThread "Worker-1" [_thread_blocked, id=272, stack(0x0000005c66100000,0x0000005c66200000)]
  0x000001e45ebcbe90 JavaThread "pool-1-thread-1" [_thread_in_native, id=3492, stack(0x0000005c65e00000,0x0000005c65f00000)]
  0x000001e45ebccd00 JavaThread "Worker-2" [_thread_blocked, id=7956, stack(0x0000005c66200000,0x0000005c66300000)]
  0x000001e460d77e10 JavaThread "Thread-7" [_thread_blocked, id=2408, stack(0x0000005c64800000,0x0000005c64900000)]

Other Threads:
  0x000001e45d6f5170 VMThread "VM Thread" [stack: 0x0000005c64c00000,0x0000005c64d00000] [id=10348] _threads_hazard_ptr=0x000001e4607cfc10
  0x000001e45ed174d0 WatcherThread [stack: 0x0000005c65800000,0x0000005c65900000] [id=3960]
  0x000001e449953a30 GCTaskThread "GC Thread#0" [stack: 0x0000005c64b00000,0x0000005c64c00000] [id=11600]
  0x000001e45f1db880 GCTaskThread "GC Thread#1" [stack: 0x0000005c65900000,0x0000005c65a00000] [id=9528]

Threads with active compile tasks:
C2 CompilerThread0    62302 4706       4       org.eclipse.jdt.internal.compiler.parser.Parser::consumeRule (7754 bytes)
C1 CompilerThread0    62303 4720       3       org.eclipse.jdt.internal.core.NameLookup::seekTypes (13 bytes)

VM state: synchronizing (normal execution)

VM Mutex/Monitor currently owned by a thread:  ([mutex/lock_event])
[0x000001e44993a9b0] Threads_lock - owner thread: 0x000001e45d6f5170
[0x000001e4499398d0] Heap_lock - owner thread: 0x000001e460d77e10

Heap address: 0x00000000c0000000, size: 1024 MB, Compressed Oops mode: 32-bit

CDS archive(s) not mapped
Compressed class space mapped at: 0x0000000100000000-0x0000000140000000, reserved size: 1073741824
Narrow klass base: 0x0000000000000000, Narrow klass shift: 3, Narrow klass range: 0x140000000

GC Precious Log:
 CPUs: 2 total, 2 available
 Memory: 3918M
 Large Page Support: Disabled
 NUMA Support: Disabled
 Compressed Oops: Enabled (32-bit)
 Alignments: Space 512K, Generation 512K, Heap 2M
 Heap Min Capacity: 100M
 Heap Initial Capacity: 100M
 Heap Max Capacity: 1G
 Pre-touch: Disabled
 Parallel Workers: 2

Heap:
 PSYoungGen      total 23040K, used 23024K [0x00000000eab00000, 0x00000000ec480000, 0x0000000100000000)
  eden space 22016K, 100% used [0x00000000eab00000,0x00000000ec080000,0x00000000ec080000)
  from space 1024K, 98% used [0x00000000ec280000,0x00000000ec37c010,0x00000000ec380000)
  to   space 2048K, 0% used [0x00000000ec080000,0x00000000ec080000,0x00000000ec280000)
 ParOldGen       total 68608K, used 22710K [0x00000000c0000000, 0x00000000c4300000, 0x00000000eab00000)
  object space 68608K, 33% used [0x00000000c0000000,0x00000000c162dbf0,0x00000000c4300000)
 Metaspace       used 44045K, committed 44672K, reserved 1089536K
  class space    used 4398K, committed 4672K, reserved 1048576K

Card table byte_map: [0x000001e449300000,0x000001e449510000] _byte_map_base: 0x000001e448d00000

Marking Bits: (ParMarkBitMap*) 0x00007ffd18042a60
 Begin Bits: [0x000001e45b5d0000, 0x000001e45c5d0000)
 End Bits:   [0x000001e45c5d0000, 0x000001e45d5d0000)

Polling page: 0x000001e4478a0000

Metaspace:

Usage:
  Non-class:     38.72 MB used.
      Class:      4.30 MB used.
       Both:     43.01 MB used.

Virtual space:
  Non-class space:       40.00 MB reserved,      39.06 MB ( 98%) committed,  5 nodes.
      Class space:        1.00 GB reserved,       4.56 MB ( <1%) committed,  1 nodes.
             Both:        1.04 GB reserved,      43.62 MB (  4%) committed. 

Chunk freelists:
   Non-Class:  896.00 KB
       Class:  3.44 MB
        Both:  4.31 MB

MaxMetaspaceSize: unlimited
CompressedClassSpaceSize: 1.00 GB
Initial GC threshold: 21.00 MB
Current GC threshold: 58.38 MB
CDS: off
MetaspaceReclaimPolicy: balanced
 - commit_granule_bytes: 65536.
 - commit_granule_words: 8192.
 - virtual_space_node_default_size: 1048576.
 - enlarge_chunks_in_place: 1.
 - new_chunks_are_fully_committed: 0.
 - uncommit_free_chunks: 1.
 - use_allocation_guard: 0.
 - handle_deallocations: 1.


Internal statistics:

num_allocs_failed_limit: 6.
num_arena_births: 256.
num_arena_deaths: 0.
num_vsnodes_births: 6.
num_vsnodes_deaths: 0.
num_space_committed: 698.
num_space_uncommitted: 0.
num_chunks_returned_to_freelist: 6.
num_chunks_taken_from_freelist: 1649.
num_chunk_merges: 3.
num_chunk_splits: 1139.
num_chunks_enlarged: 838.
num_purges: 0.
num_inconsistent_stats: 0.

CodeHeap 'non-profiled nmethods': size=120064Kb used=2255Kb max_used=2255Kb free=117809Kb
 bounds [0x000001e454090000, 0x000001e454300000, 0x000001e45b5d0000]
CodeHeap 'profiled nmethods': size=120000Kb used=11421Kb max_used=11421Kb free=108578Kb
 bounds [0x000001e44cb60000, 0x000001e44d690000, 0x000001e454090000]
CodeHeap 'non-nmethods': size=5696Kb used=1292Kb max_used=1343Kb free=4403Kb
 bounds [0x000001e44c5d0000, 0x000001e44c840000, 0x000001e44cb60000]
 total_blobs=5314 nmethods=4693 adapters=536
 compilation: enabled
              stopped_count=0, restarted_count=0
 full_count=0

Compilation events (20 events):
Event: 61.330 Thread 0x000001e45d7617f0 nmethod 4709 0x000001e44d67fd90 code [0x000001e44d67ff40, 0x000001e44d680168]
Event: 61.331 Thread 0x000001e45d7617f0 4710       3       org.eclipse.jdt.internal.compiler.parser.Scanner::consumeDigits0 (79 bytes)
Event: 61.331 Thread 0x000001e45d7617f0 nmethod 4710 0x000001e44d680210 code [0x000001e44d680420, 0x000001e44d6809e8]
Event: 61.334 Thread 0x000001e45d7617f0 4711       3       org.eclipse.core.internal.resources.Resource::getProject (23 bytes)
Event: 61.334 Thread 0x000001e45d7617f0 nmethod 4711 0x000001e44d680b90 code [0x000001e44d680d60, 0x000001e44d681048]
Event: 61.379 Thread 0x000001e45d760af0 nmethod 4705 0x000001e4542bfb10 code [0x000001e4542c02a0, 0x000001e4542c21f0]
Event: 61.380 Thread 0x000001e45d760af0 4706       4       org.eclipse.jdt.internal.compiler.parser.Parser::consumeRule (7754 bytes)
Event: 61.443 Thread 0x000001e45d7617f0 4712       1       org.eclipse.jdt.internal.compiler.classfmt.ClassFileReader::getGenericSignature (5 bytes)
Event: 61.443 Thread 0x000001e45d7617f0 nmethod 4712 0x000001e4542c3610 code [0x000001e4542c37a0, 0x000001e4542c3878]
Event: 61.443 Thread 0x000001e45d7617f0 4713       1       org.eclipse.jdt.internal.compiler.classfmt.ClassFileReader::getTagBits (5 bytes)
Event: 61.444 Thread 0x000001e45d7617f0 nmethod 4713 0x000001e4542c3910 code [0x000001e4542c3aa0, 0x000001e4542c3b78]
Event: 61.445 Thread 0x000001e45d7617f0 4714       3       org.eclipse.jdt.internal.core.AbstractClassFile::getElementName (24 bytes)
Event: 61.446 Thread 0x000001e45d7617f0 nmethod 4714 0x000001e44d681210 code [0x000001e44d681420, 0x000001e44d6819f8]
Event: 61.448 Thread 0x000001e45d7617f0 4716       3       org.eclipse.jdt.internal.core.JavaModelManager::getOption (113 bytes)
Event: 61.486 Thread 0x000001e45d7617f0 nmethod 4716 0x000001e44d681c10 code [0x000001e44d682080, 0x000001e44d683fc8]
Event: 61.486 Thread 0x000001e45d7617f0 4717   !   3       java.lang.Thread::blockedOn (27 bytes)
Event: 61.487 Thread 0x000001e45d7617f0 nmethod 4717 0x000001e44d684b10 code [0x000001e44d684ca0, 0x000001e44d684eb8]
Event: 61.487 Thread 0x000001e45d7617f0 4718       3       org.eclipse.jdt.internal.core.JavaModelManager::getOption (159 bytes)
Event: 61.489 Thread 0x000001e45d7617f0 nmethod 4718 0x000001e44d685010 code [0x000001e44d6853c0, 0x000001e44d686d18]
Event: 61.500 Thread 0x000001e45d7617f0 4720       3       org.eclipse.jdt.internal.core.NameLookup::seekTypes (13 bytes)

GC Heap History (20 events):
Event: 25.294 GC heap before
{Heap before GC invocations=9 (full 1):
 PSYoungGen      total 26112K, used 26093K [0x00000000eab00000, 0x00000000ec980000, 0x0000000100000000)
  eden space 24064K, 100% used [0x00000000eab00000,0x00000000ec280000,0x00000000ec280000)
  from space 2048K, 99% used [0x00000000ec400000,0x00000000ec5fb720,0x00000000ec600000)
  to   space 3584K, 0% used [0x00000000ec600000,0x00000000ec600000,0x00000000ec980000)
 ParOldGen       total 68608K, used 7463K [0x00000000c0000000, 0x00000000c4300000, 0x00000000eab00000)
  object space 68608K, 10% used [0x00000000c0000000,0x00000000c0749c38,0x00000000c4300000)
 Metaspace       used 33468K, committed 34112K, reserved 1081344K
  class space    used 3384K, committed 3712K, reserved 1048576K
}
Event: 25.307 GC heap after
{Heap after GC invocations=9 (full 1):
 PSYoungGen      total 26112K, used 3563K [0x00000000eab00000, 0x00000000ecc00000, 0x0000000100000000)
  eden space 22528K, 0% used [0x00000000eab00000,0x00000000eab00000,0x00000000ec100000)
  from space 3584K, 99% used [0x00000000ec600000,0x00000000ec97ae88,0x00000000ec980000)
  to   space 5120K, 0% used [0x00000000ec100000,0x00000000ec100000,0x00000000ec600000)
 ParOldGen       total 68608K, used 8203K [0x00000000c0000000, 0x00000000c4300000, 0x00000000eab00000)
  object space 68608K, 11% used [0x00000000c0000000,0x00000000c0802fc0,0x00000000c4300000)
 Metaspace       used 33468K, committed 34112K, reserved 1081344K
  class space    used 3384K, committed 3712K, reserved 1048576K
}
Event: 25.747 GC heap before
{Heap before GC invocations=10 (full 1):
 PSYoungGen      total 26112K, used 26091K [0x00000000eab00000, 0x00000000ecc00000, 0x0000000100000000)
  eden space 22528K, 100% used [0x00000000eab00000,0x00000000ec100000,0x00000000ec100000)
  from space 3584K, 99% used [0x00000000ec600000,0x00000000ec97ae88,0x00000000ec980000)
  to   space 5120K, 0% used [0x00000000ec100000,0x00000000ec100000,0x00000000ec600000)
 ParOldGen       total 68608K, used 8203K [0x00000000c0000000, 0x00000000c4300000, 0x00000000eab00000)
  object space 68608K, 11% used [0x00000000c0000000,0x00000000c0802fc0,0x00000000c4300000)
 Metaspace       used 33533K, committed 34176K, reserved 1081344K
  class space    used 3384K, committed 3712K, reserved 1048576K
}
Event: 25.762 GC heap after
{Heap after GC invocations=10 (full 1):
 PSYoungGen      total 27136K, used 4977K [0x00000000eab00000, 0x00000000ecb80000, 0x0000000100000000)
  eden space 22016K, 0% used [0x00000000eab00000,0x00000000eab00000,0x00000000ec080000)
  from space 5120K, 97% used [0x00000000ec100000,0x00000000ec5dc6b0,0x00000000ec600000)
  to   space 5632K, 0% used [0x00000000ec600000,0x00000000ec600000,0x00000000ecb80000)
 ParOldGen       total 68608K, used 8917K [0x00000000c0000000, 0x00000000c4300000, 0x00000000eab00000)
  object space 68608K, 12% used [0x00000000c0000000,0x00000000c08b57f8,0x00000000c4300000)
 Metaspace       used 33533K, committed 34176K, reserved 1081344K
  class space    used 3384K, committed 3712K, reserved 1048576K
}
Event: 25.977 GC heap before
{Heap before GC invocations=11 (full 1):
 PSYoungGen      total 27136K, used 26993K [0x00000000eab00000, 0x00000000ecb80000, 0x0000000100000000)
  eden space 22016K, 100% used [0x00000000eab00000,0x00000000ec080000,0x00000000ec080000)
  from space 5120K, 97% used [0x00000000ec100000,0x00000000ec5dc6b0,0x00000000ec600000)
  to   space 5632K, 0% used [0x00000000ec600000,0x00000000ec600000,0x00000000ecb80000)
 ParOldGen       total 68608K, used 8917K [0x00000000c0000000, 0x00000000c4300000, 0x00000000eab00000)
  object space 68608K, 12% used [0x00000000c0000000,0x00000000c08b57f8,0x00000000c4300000)
 Metaspace       used 33583K, committed 34240K, reserved 1081344K
  class space    used 3396K, committed 3712K, reserved 1048576K
}
Event: 25.994 GC heap after
{Heap after GC invocations=11 (full 1):
 PSYoungGen      total 27136K, used 4864K [0x00000000eab00000, 0x00000000ecb00000, 0x0000000100000000)
  eden space 22016K, 0% used [0x00000000eab00000,0x00000000eab00000,0x00000000ec080000)
  from space 5120K, 95% used [0x00000000ec600000,0x00000000ecac0020,0x00000000ecb00000)
  to   space 5120K, 0% used [0x00000000ec100000,0x00000000ec100000,0x00000000ec600000)
 ParOldGen       total 68608K, used 11710K [0x00000000c0000000, 0x00000000c4300000, 0x00000000eab00000)
  object space 68608K, 17% used [0x00000000c0000000,0x00000000c0b6f868,0x00000000c4300000)
 Metaspace       used 33583K, committed 34240K, reserved 1081344K
  class space    used 3396K, committed 3712K, reserved 1048576K
}
Event: 26.201 GC heap before
{Heap before GC invocations=12 (full 1):
 PSYoungGen      total 27136K, used 26880K [0x00000000eab00000, 0x00000000ecb00000, 0x0000000100000000)
  eden space 22016K, 100% used [0x00000000eab00000,0x00000000ec080000,0x00000000ec080000)
  from space 5120K, 95% used [0x00000000ec600000,0x00000000ecac0020,0x00000000ecb00000)
  to   space 5120K, 0% used [0x00000000ec100000,0x00000000ec100000,0x00000000ec600000)
 ParOldGen       total 68608K, used 11710K [0x00000000c0000000, 0x00000000c4300000, 0x00000000eab00000)
  object space 68608K, 17% used [0x00000000c0000000,0x00000000c0b6f868,0x00000000c4300000)
 Metaspace       used 33583K, committed 34240K, reserved 1081344K
  class space    used 3396K, committed 3712K, reserved 1048576K
}
Event: 26.218 GC heap after
{Heap after GC invocations=12 (full 1):
 PSYoungGen      total 25088K, used 2624K [0x00000000eab00000, 0x00000000ec780000, 0x0000000100000000)
  eden space 22016K, 0% used [0x00000000eab00000,0x00000000eab00000,0x00000000ec080000)
  from space 3072K, 85% used [0x00000000ec100000,0x00000000ec390010,0x00000000ec400000)
  to   space 3584K, 0% used [0x00000000ec400000,0x00000000ec400000,0x00000000ec780000)
 ParOldGen       total 68608K, used 16425K [0x00000000c0000000, 0x00000000c4300000, 0x00000000eab00000)
  object space 68608K, 23% used [0x00000000c0000000,0x00000000c100a780,0x00000000c4300000)
 Metaspace       used 33583K, committed 34240K, reserved 1081344K
  class space    used 3396K, committed 3712K, reserved 1048576K
}
Event: 26.849 GC heap before
{Heap before GC invocations=13 (full 1):
 PSYoungGen      total 25088K, used 24640K [0x00000000eab00000, 0x00000000ec780000, 0x0000000100000000)
  eden space 22016K, 100% used [0x00000000eab00000,0x00000000ec080000,0x00000000ec080000)
  from space 3072K, 85% used [0x00000000ec100000,0x00000000ec390010,0x00000000ec400000)
  to   space 3584K, 0% used [0x00000000ec400000,0x00000000ec400000,0x00000000ec780000)
 ParOldGen       total 68608K, used 16425K [0x00000000c0000000, 0x00000000c4300000, 0x00000000eab00000)
  object space 68608K, 23% used [0x00000000c0000000,0x00000000c100a780,0x00000000c4300000)
 Metaspace       used 33979K, committed 34560K, reserved 1081344K
  class space    used 3432K, committed 3712K, reserved 1048576K
}
Event: 26.862 GC heap after
{Heap after GC invocations=13 (full 1):
 PSYoungGen      total 25600K, used 3012K [0x00000000eab00000, 0x00000000ec780000, 0x0000000100000000)
  eden space 22016K, 0% used [0x00000000eab00000,0x00000000eab00000,0x00000000ec080000)
  from space 3584K, 84% used [0x00000000ec400000,0x00000000ec6f13d0,0x00000000ec780000)
  to   space 3584K, 0% used [0x00000000ec080000,0x00000000ec080000,0x00000000ec400000)
 ParOldGen       total 68608K, used 19041K [0x00000000c0000000, 0x00000000c4300000, 0x00000000eab00000)
  object space 68608K, 27% used [0x00000000c0000000,0x00000000c1298790,0x00000000c4300000)
 Metaspace       used 33979K, committed 34560K, reserved 1081344K
  class space    used 3432K, committed 3712K, reserved 1048576K
}
Event: 27.773 GC heap before
{Heap before GC invocations=14 (full 1):
 PSYoungGen      total 25600K, used 11787K [0x00000000eab00000, 0x00000000ec780000, 0x0000000100000000)
  eden space 22016K, 39% used [0x00000000eab00000,0x00000000eb391858,0x00000000ec080000)
  from space 3584K, 84% used [0x00000000ec400000,0x00000000ec6f13d0,0x00000000ec780000)
  to   space 3584K, 0% used [0x00000000ec080000,0x00000000ec080000,0x00000000ec400000)
 ParOldGen       total 68608K, used 19041K [0x00000000c0000000, 0x00000000c4300000, 0x00000000eab00000)
  object space 68608K, 27% used [0x00000000c0000000,0x00000000c1298790,0x00000000c4300000)
 Metaspace       used 35177K, committed 35840K, reserved 1081344K
  class space    used 3591K, committed 3904K, reserved 1048576K
}
Event: 27.782 GC heap after
{Heap after GC invocations=14 (full 1):
 PSYoungGen      total 22528K, used 320K [0x00000000eab00000, 0x00000000ec480000, 0x0000000100000000)
  eden space 22016K, 0% used [0x00000000eab00000,0x00000000eab00000,0x00000000ec080000)
  from space 512K, 62% used [0x00000000ec080000,0x00000000ec0d0000,0x00000000ec100000)
  to   space 1536K, 0% used [0x00000000ec300000,0x00000000ec300000,0x00000000ec480000)
 ParOldGen       total 68608K, used 22018K [0x00000000c0000000, 0x00000000c4300000, 0x00000000eab00000)
  object space 68608K, 32% used [0x00000000c0000000,0x00000000c15808c0,0x00000000c4300000)
 Metaspace       used 35177K, committed 35840K, reserved 1081344K
  class space    used 3591K, committed 3904K, reserved 1048576K
}
Event: 27.782 GC heap before
{Heap before GC invocations=15 (full 2):
 PSYoungGen      total 22528K, used 320K [0x00000000eab00000, 0x00000000ec480000, 0x0000000100000000)
  eden space 22016K, 0% used [0x00000000eab00000,0x00000000eab00000,0x00000000ec080000)
  from space 512K, 62% used [0x00000000ec080000,0x00000000ec0d0000,0x00000000ec100000)
  to   space 1536K, 0% used [0x00000000ec300000,0x00000000ec300000,0x00000000ec480000)
 ParOldGen       total 68608K, used 22018K [0x00000000c0000000, 0x00000000c4300000, 0x00000000eab00000)
  object space 68608K, 32% used [0x00000000c0000000,0x00000000c15808c0,0x00000000c4300000)
 Metaspace       used 35177K, committed 35840K, reserved 1081344K
  class space    used 3591K, committed 3904K, reserved 1048576K
}
Event: 27.938 GC heap after
{Heap after GC invocations=15 (full 2):
 PSYoungGen      total 22528K, used 0K [0x00000000eab00000, 0x00000000ec480000, 0x0000000100000000)
  eden space 22016K, 0% used [0x00000000eab00000,0x00000000eab00000,0x00000000ec080000)
  from space 512K, 0% used [0x00000000ec080000,0x00000000ec080000,0x00000000ec100000)
  to   space 1536K, 0% used [0x00000000ec300000,0x00000000ec300000,0x00000000ec480000)
 ParOldGen       total 68608K, used 21980K [0x00000000c0000000, 0x00000000c4300000, 0x00000000eab00000)
  object space 68608K, 32% used [0x00000000c0000000,0x00000000c1577090,0x00000000c4300000)
 Metaspace       used 35177K, committed 35840K, reserved 1081344K
  class space    used 3591K, committed 3904K, reserved 1048576K
}
Event: 29.164 GC heap before
{Heap before GC invocations=16 (full 2):
 PSYoungGen      total 22528K, used 22015K [0x00000000eab00000, 0x00000000ec480000, 0x0000000100000000)
  eden space 22016K, 99% used [0x00000000eab00000,0x00000000ec07fce0,0x00000000ec080000)
  from space 512K, 0% used [0x00000000ec080000,0x00000000ec080000,0x00000000ec100000)
  to   space 1536K, 0% used [0x00000000ec300000,0x00000000ec300000,0x00000000ec480000)
 ParOldGen       total 68608K, used 21980K [0x00000000c0000000, 0x00000000c4300000, 0x00000000eab00000)
  object space 68608K, 32% used [0x00000000c0000000,0x00000000c1577090,0x00000000c4300000)
 Metaspace       used 36142K, committed 36800K, reserved 1089536K
  class space    used 3693K, committed 3968K, reserved 1048576K
}
Event: 29.169 GC heap after
{Heap after GC invocations=16 (full 2):
 PSYoungGen      total 23552K, used 1440K [0x00000000eab00000, 0x00000000ec480000, 0x0000000100000000)
  eden space 22016K, 0% used [0x00000000eab00000,0x00000000eab00000,0x00000000ec080000)
  from space 1536K, 93% used [0x00000000ec300000,0x00000000ec468308,0x00000000ec480000)
  to   space 2048K, 0% used [0x00000000ec080000,0x00000000ec080000,0x00000000ec280000)
 ParOldGen       total 68608K, used 21988K [0x00000000c0000000, 0x00000000c4300000, 0x00000000eab00000)
  object space 68608K, 32% used [0x00000000c0000000,0x00000000c1579090,0x00000000c4300000)
 Metaspace       used 36142K, committed 36800K, reserved 1089536K
  class space    used 3693K, committed 3968K, reserved 1048576K
}
Event: 32.203 GC heap before
{Heap before GC invocations=17 (full 2):
 PSYoungGen      total 23552K, used 23413K [0x00000000eab00000, 0x00000000ec480000, 0x0000000100000000)
  eden space 22016K, 99% used [0x00000000eab00000,0x00000000ec0750f8,0x00000000ec080000)
  from space 1536K, 93% used [0x00000000ec300000,0x00000000ec468308,0x00000000ec480000)
  to   space 2048K, 0% used [0x00000000ec080000,0x00000000ec080000,0x00000000ec280000)
 ParOldGen       total 68608K, used 21988K [0x00000000c0000000, 0x00000000c4300000, 0x00000000eab00000)
  object space 68608K, 32% used [0x00000000c0000000,0x00000000c1579090,0x00000000c4300000)
 Metaspace       used 38089K, committed 38720K, reserved 1089536K
  class space    used 3882K, committed 4160K, reserved 1048576K
}
Event: 32.205 GC heap after
{Heap after GC invocations=17 (full 2):
 PSYoungGen      total 24064K, used 256K [0x00000000eab00000, 0x00000000ec380000, 0x0000000100000000)
  eden space 22016K, 0% used [0x00000000eab00000,0x00000000eab00000,0x00000000ec080000)
  from space 2048K, 12% used [0x00000000ec080000,0x00000000ec0c0000,0x00000000ec280000)
  to   space 1024K, 0% used [0x00000000ec280000,0x00000000ec280000,0x00000000ec380000)
 ParOldGen       total 68608K, used 22290K [0x00000000c0000000, 0x00000000c4300000, 0x00000000eab00000)
  object space 68608K, 32% used [0x00000000c0000000,0x00000000c15c4a10,0x00000000c4300000)
 Metaspace       used 38089K, committed 38720K, reserved 1089536K
  class space    used 3882K, committed 4160K, reserved 1048576K
}
Event: 35.158 GC heap before
{Heap before GC invocations=18 (full 2):
 PSYoungGen      total 24064K, used 22272K [0x00000000eab00000, 0x00000000ec380000, 0x0000000100000000)
  eden space 22016K, 100% used [0x00000000eab00000,0x00000000ec080000,0x00000000ec080000)
  from space 2048K, 12% used [0x00000000ec080000,0x00000000ec0c0000,0x00000000ec280000)
  to   space 1024K, 0% used [0x00000000ec280000,0x00000000ec280000,0x00000000ec380000)
 ParOldGen       total 68608K, used 22290K [0x00000000c0000000, 0x00000000c4300000, 0x00000000eab00000)
  object space 68608K, 32% used [0x00000000c0000000,0x00000000c15c4a10,0x00000000c4300000)
 Metaspace       used 41295K, committed 41984K, reserved 1089536K
  class space    used 4184K, committed 4480K, reserved 1048576K
}
Event: 35.167 GC heap after
{Heap after GC invocations=18 (full 2):
 PSYoungGen      total 23040K, used 1008K [0x00000000eab00000, 0x00000000ec480000, 0x0000000100000000)
  eden space 22016K, 0% used [0x00000000eab00000,0x00000000eab00000,0x00000000ec080000)
  from space 1024K, 98% used [0x00000000ec280000,0x00000000ec37c010,0x00000000ec380000)
  to   space 2048K, 0% used [0x00000000ec080000,0x00000000ec080000,0x00000000ec280000)
 ParOldGen       total 68608K, used 22710K [0x00000000c0000000, 0x00000000c4300000, 0x00000000eab00000)
  object space 68608K, 33% used [0x00000000c0000000,0x00000000c162dbf0,0x00000000c4300000)
 Metaspace       used 41295K, committed 41984K, reserved 1089536K
  class space    used 4184K, committed 4480K, reserved 1048576K
}

Deoptimization events (20 events):
Event: 45.239 Thread 0x000001e460d77e10 Uncommon trap: trap_request=0xffffff45 fr.pc=0x000001e4540b3994 relative=0x00000000000002f4
Event: 45.239 Thread 0x000001e460d77e10 Uncommon trap: reason=unstable_if action=reinterpret pc=0x000001e4540b3994 method=java.util.HashMap$HashIterator.<init>(Ljava/util/HashMap;)V @ 45 c2
Event: 45.239 Thread 0x000001e460d77e10 DEOPT PACKING pc=0x000001e4540b3994 sp=0x0000005c665fec20
Event: 45.239 Thread 0x000001e460d77e10 DEOPT UNPACKING pc=0x000001e44c62209d sp=0x0000005c665feae8 mode 2
Event: 61.165 Thread 0x000001e460d77e10 Uncommon trap: trap_request=0xffffffbe fr.pc=0x000001e4542bd838 relative=0x00000000000006d8
Event: 61.165 Thread 0x000001e460d77e10 Uncommon trap: reason=profile_predicate action=maybe_recompile pc=0x000001e4542bd838 method=java.util.TreeMap.getEntryUsingComparator(Ljava/lang/Object;)Ljava/util/TreeMap$Entry; @ 19 c2
Event: 61.165 Thread 0x000001e460d77e10 DEOPT PACKING pc=0x000001e4542bd838 sp=0x0000005c648fe8c0
Event: 61.165 Thread 0x000001e460d77e10 DEOPT UNPACKING pc=0x000001e44c62209d sp=0x0000005c648fe7e0 mode 2
Event: 61.166 Thread 0x000001e460d77e10 Uncommon trap: trap_request=0xffffffbe fr.pc=0x000001e4542bd838 relative=0x00000000000006d8
Event: 61.166 Thread 0x000001e460d77e10 Uncommon trap: reason=profile_predicate action=maybe_recompile pc=0x000001e4542bd838 method=java.util.TreeMap.getEntryUsingComparator(Ljava/lang/Object;)Ljava/util/TreeMap$Entry; @ 19 c2
Event: 61.166 Thread 0x000001e460d77e10 DEOPT PACKING pc=0x000001e4542bd838 sp=0x0000005c648fe8c0
Event: 61.166 Thread 0x000001e460d77e10 DEOPT UNPACKING pc=0x000001e44c62209d sp=0x0000005c648fe7e0 mode 2
Event: 61.166 Thread 0x000001e460d77e10 Uncommon trap: trap_request=0xffffffbe fr.pc=0x000001e4542bd838 relative=0x00000000000006d8
Event: 61.166 Thread 0x000001e460d77e10 Uncommon trap: reason=profile_predicate action=maybe_recompile pc=0x000001e4542bd838 method=java.util.TreeMap.getEntryUsingComparator(Ljava/lang/Object;)Ljava/util/TreeMap$Entry; @ 19 c2
Event: 61.166 Thread 0x000001e460d77e10 DEOPT PACKING pc=0x000001e4542bd838 sp=0x0000005c648fe8c0
Event: 61.166 Thread 0x000001e460d77e10 DEOPT UNPACKING pc=0x000001e44c62209d sp=0x0000005c648fe7e0 mode 2
Event: 61.166 Thread 0x000001e460d77e10 Uncommon trap: trap_request=0xffffffbe fr.pc=0x000001e4542bd838 relative=0x00000000000006d8
Event: 61.166 Thread 0x000001e460d77e10 Uncommon trap: reason=profile_predicate action=maybe_recompile pc=0x000001e4542bd838 method=java.util.TreeMap.getEntryUsingComparator(Ljava/lang/Object;)Ljava/util/TreeMap$Entry; @ 19 c2
Event: 61.166 Thread 0x000001e460d77e10 DEOPT PACKING pc=0x000001e4542bd838 sp=0x0000005c648fe8c0
Event: 61.166 Thread 0x000001e460d77e10 DEOPT UNPACKING pc=0x000001e44c62209d sp=0x0000005c648fe7e0 mode 2

Classes unloaded (0 events):
No events

Classes redefined (0 events):
No events

Internal exceptions (20 events):
Event: 37.639 Thread 0x000001e45ebcdb70 Implicit null exception at 0x000001e44d575c51 to 0x000001e44d575da5
Event: 37.639 Thread 0x000001e45ebcdb70 Exception <a 'java/lang/NullPointerException'{0x00000000eba51cc0}> (0x00000000eba51cc0) 
thrown [e:\jenkins\tmp\workspace\build\src\src\hotspot\share\runtime\sharedRuntime.cpp, line 628]
Event: 37.639 Thread 0x000001e45ebcdb70 Implicit null exception at 0x000001e44d575c51 to 0x000001e44d575da5
Event: 37.639 Thread 0x000001e45ebcdb70 Exception <a 'java/lang/NullPointerException'{0x00000000eba526c8}> (0x00000000eba526c8) 
thrown [e:\jenkins\tmp\workspace\build\src\src\hotspot\share\runtime\sharedRuntime.cpp, line 628]
Event: 37.639 Thread 0x000001e45ebcdb70 Implicit null exception at 0x000001e44d575c51 to 0x000001e44d575da5
Event: 37.639 Thread 0x000001e45ebcdb70 Exception <a 'java/lang/NullPointerException'{0x00000000eba52ff8}> (0x00000000eba52ff8) 
thrown [e:\jenkins\tmp\workspace\build\src\src\hotspot\share\runtime\sharedRuntime.cpp, line 628]
Event: 37.639 Thread 0x000001e45ebcdb70 Implicit null exception at 0x000001e44d575c51 to 0x000001e44d575da5
Event: 37.639 Thread 0x000001e45ebcdb70 Exception <a 'java/lang/NullPointerException'{0x00000000eba54a58}> (0x00000000eba54a58) 
thrown [e:\jenkins\tmp\workspace\build\src\src\hotspot\share\runtime\sharedRuntime.cpp, line 628]
Event: 37.708 Thread 0x000001e45ebcdb70 Implicit null exception at 0x000001e45427a51b to 0x000001e45427a710
Event: 45.593 Thread 0x000001e460d77e10 Exception <a 'java/lang/ArrayIndexOutOfBoundsException'{0x00000000ebcee270}: Index 8928 out of bounds for length 8928> (0x00000000ebcee270) 
thrown [e:\jenkins\tmp\workspace\build\src\src\hotspot\share\interpreter\interpreterRuntime.cpp, line 428]
Event: 45.593 Thread 0x000001e460d77e10 Exception <a 'java/lang/ArrayIndexOutOfBoundsException'{0x00000000ebcee590}: Index 8929 out of bounds for length 8928> (0x00000000ebcee590) 
thrown [e:\jenkins\tmp\workspace\build\src\src\hotspot\share\interpreter\interpreterRuntime.cpp, line 428]
Event: 61.333 Thread 0x000001e460d77e10 Exception <a 'java/lang/ArrayIndexOutOfBoundsException'{0x00000000ebe0aa20}: Index 8928 out of bounds for length 8928> (0x00000000ebe0aa20) 
thrown [e:\jenkins\tmp\workspace\build\src\src\hotspot\share\interpreter\interpreterRuntime.cpp, line 428]
Event: 61.344 Thread 0x000001e460d77e10 Implicit null exception at 0x000001e44d575c51 to 0x000001e44d575da5
Event: 61.344 Thread 0x000001e460d77e10 Exception <a 'java/lang/NullPointerException'{0x00000000ebe0d980}> (0x00000000ebe0d980) 
thrown [e:\jenkins\tmp\workspace\build\src\src\hotspot\share\runtime\sharedRuntime.cpp, line 628]
Event: 61.344 Thread 0x000001e460d77e10 Implicit null exception at 0x000001e44d575c51 to 0x000001e44d575da5
Event: 61.344 Thread 0x000001e460d77e10 Exception <a 'java/lang/NullPointerException'{0x00000000ebe0df28}> (0x00000000ebe0df28) 
thrown [e:\jenkins\tmp\workspace\build\src\src\hotspot\share\runtime\sharedRuntime.cpp, line 628]
Event: 61.344 Thread 0x000001e460d77e10 Implicit null exception at 0x000001e44d575c51 to 0x000001e44d575da5
Event: 61.344 Thread 0x000001e460d77e10 Exception <a 'java/lang/NullPointerException'{0x00000000ebe0e8d0}> (0x00000000ebe0e8d0) 
thrown [e:\jenkins\tmp\workspace\build\src\src\hotspot\share\runtime\sharedRuntime.cpp, line 628]
Event: 61.344 Thread 0x000001e460d77e10 Implicit null exception at 0x000001e44d575c51 to 0x000001e44d575da5
Event: 61.344 Thread 0x000001e460d77e10 Exception <a 'java/lang/NullPointerException'{0x00000000ebe0f128}> (0x00000000ebe0f128) 
thrown [e:\jenkins\tmp\workspace\build\src\src\hotspot\share\runtime\sharedRuntime.cpp, line 628]

VM Operations (20 events):
Event: 38.215 Executing VM operation: Cleanup done
Event: 45.273 Executing VM operation: Cleanup
Event: 45.477 Executing VM operation: Cleanup done
Event: 46.481 Executing VM operation: Cleanup
Event: 46.482 Executing VM operation: Cleanup done
Event: 61.216 Executing VM operation: HandshakeAllThreads
Event: 61.216 Executing VM operation: HandshakeAllThreads done
Event: 61.216 Executing VM operation: Cleanup
Event: 61.216 Executing VM operation: Cleanup done
Event: 61.224 Executing VM operation: HandshakeAllThreads
Event: 61.224 Executing VM operation: HandshakeAllThreads done
Event: 61.232 Executing VM operation: HandshakeAllThreads
Event: 61.232 Executing VM operation: HandshakeAllThreads done
Event: 61.249 Executing VM operation: HandshakeAllThreads
Event: 61.249 Executing VM operation: HandshakeAllThreads done
Event: 61.250 Executing VM operation: HandshakeAllThreads
Event: 61.250 Executing VM operation: HandshakeAllThreads done
Event: 61.442 Executing VM operation: HandshakeAllThreads
Event: 61.442 Executing VM operation: HandshakeAllThreads done
Event: 61.507 Executing VM operation: ParallelGCFailedAllocation

Events (20 events):
Event: 36.650 loading class java/util/concurrent/ConcurrentHashMap$TreeNode
Event: 36.651 loading class java/util/concurrent/ConcurrentHashMap$TreeNode done
Event: 36.651 loading class java/util/concurrent/ConcurrentHashMap$TreeBin
Event: 36.651 loading class java/util/concurrent/ConcurrentHashMap$TreeBin done
Event: 36.833 loading class java/util/IdentityHashMap$KeyIterator
Event: 36.833 loading class java/util/IdentityHashMap$IdentityHashMapIterator
Event: 36.868 loading class java/util/IdentityHashMap$IdentityHashMapIterator done
Event: 36.868 loading class java/util/IdentityHashMap$KeyIterator done
Event: 36.868 Thread 0x000001e460d782e0 Thread exited: 0x000001e460d782e0
Event: 44.946 Thread 0x000001e460d77e10 Thread added: 0x000001e460d77e10
Event: 45.087 Thread 0x000001e460d73ab0 Thread added: 0x000001e460d73ab0
Event: 45.103 Thread 0x000001e460d787b0 Thread added: 0x000001e460d787b0
Event: 45.116 loading class java/util/concurrent/CompletionException
Event: 45.116 loading class java/util/concurrent/CompletionException done
Event: 45.477 Thread 0x000001e460d73ab0 Thread exited: 0x000001e460d73ab0
Event: 45.481 Thread 0x000001e460d787b0 Thread exited: 0x000001e460d787b0
Event: 45.576 loading class java/util/regex/Pattern$1
Event: 45.576 loading class java/util/regex/Pattern$1 done
Event: 45.598 Thread 0x000001e460d77e10 Thread exited: 0x000001e460d77e10
Event: 61.157 Thread 0x000001e460d77e10 Thread added: 0x000001e460d77e10


Dynamic libraries:
0x00007ff640d20000 - 0x00007ff640d2e000 	c:\Users\ACER\.vscode\extensions\redhat.java-1.2.0\jre\17.0.1-win32-x86_64\bin\java.exe
0x00007ffd71bf0000 - 0x00007ffd71de5000 	C:\WINDOWS\SYSTEM32\ntdll.dll
0x00007ffd70fc0000 - 0x00007ffd7107e000 	C:\WINDOWS\System32\KERNEL32.DLL
0x00007ffd6f860000 - 0x00007ffd6fb28000 	C:\WINDOWS\System32\KERNELBASE.dll
0x00007ffd6fb30000 - 0x00007ffd6fc30000 	C:\WINDOWS\System32\ucrtbase.dll
0x00007ffd68820000 - 0x00007ffd68838000 	c:\Users\ACER\.vscode\extensions\redhat.java-1.2.0\jre\17.0.1-win32-x86_64\bin\jli.dll
0x00007ffd70940000 - 0x00007ffd70ae1000 	C:\WINDOWS\System32\USER32.dll
0x00007ffd6f460000 - 0x00007ffd6f482000 	C:\WINDOWS\System32\win32u.dll
0x00007ffd6ff60000 - 0x00007ffd6ff8b000 	C:\WINDOWS\System32\GDI32.dll
0x00007ffd6f520000 - 0x00007ffd6f62d000 	C:\WINDOWS\System32\gdi32full.dll
0x00007ffd6f790000 - 0x00007ffd6f82d000 	C:\WINDOWS\System32\msvcp_win.dll
0x00007ffd5e320000 - 0x00007ffd5e339000 	c:\Users\ACER\.vscode\extensions\redhat.java-1.2.0\jre\17.0.1-win32-x86_64\bin\VCRUNTIME140.dll
0x00007ffd52470000 - 0x00007ffd5270a000 	C:\WINDOWS\WinSxS\amd64_microsoft.windows.common-controls_6595b64144ccf1df_6.0.19041.1110_none_60b5254171f9507e\COMCTL32.dll
0x00007ffd70000000 - 0x00007ffd7009e000 	C:\WINDOWS\System32\msvcrt.dll
0x00007ffd71080000 - 0x00007ffd710b0000 	C:\WINDOWS\System32\IMM32.DLL
0x00007ffd68810000 - 0x00007ffd6881c000 	c:\Users\ACER\.vscode\extensions\redhat.java-1.2.0\jre\17.0.1-win32-x86_64\bin\vcruntime140_1.dll
0x00007ffd457c0000 - 0x00007ffd45851000 	c:\Users\ACER\.vscode\extensions\redhat.java-1.2.0\jre\17.0.1-win32-x86_64\bin\msvcp140.dll
0x00007ffd174c0000 - 0x00007ffd18106000 	c:\Users\ACER\.vscode\extensions\redhat.java-1.2.0\jre\17.0.1-win32-x86_64\bin\server\jvm.dll
0x00007ffd711f0000 - 0x00007ffd7129c000 	C:\WINDOWS\System32\ADVAPI32.dll
0x00007ffd71b10000 - 0x00007ffd71bab000 	C:\WINDOWS\System32\sechost.dll
0x00007ffd70db0000 - 0x00007ffd70eda000 	C:\WINDOWS\System32\RPCRT4.dll
0x00007ffd700a0000 - 0x00007ffd700a8000 	C:\WINDOWS\System32\PSAPI.DLL
0x00007ffd54460000 - 0x00007ffd54469000 	C:\WINDOWS\SYSTEM32\WSOCK32.dll
0x00007ffd708d0000 - 0x00007ffd7093b000 	C:\WINDOWS\System32\WS2_32.dll
0x00007ffd638e0000 - 0x00007ffd63907000 	C:\WINDOWS\SYSTEM32\WINMM.dll
0x00007ffd5d690000 - 0x00007ffd5d69a000 	C:\WINDOWS\SYSTEM32\VERSION.dll
0x00007ffd6d1f0000 - 0x00007ffd6d202000 	C:\WINDOWS\SYSTEM32\kernel.appcore.dll
0x00007ffd66210000 - 0x00007ffd6621a000 	c:\Users\ACER\.vscode\extensions\redhat.java-1.2.0\jre\17.0.1-win32-x86_64\bin\jimage.dll
0x00007ffd5b2f0000 - 0x00007ffd5b4d4000 	C:\WINDOWS\SYSTEM32\DBGHELP.DLL
0x00007ffd58db0000 - 0x00007ffd58ddc000 	C:\WINDOWS\SYSTEM32\dbgcore.DLL
0x00007ffd6f490000 - 0x00007ffd6f512000 	C:\WINDOWS\System32\bcryptPrimitives.dll
0x00007ffd5e3e0000 - 0x00007ffd5e3ee000 	c:\Users\ACER\.vscode\extensions\redhat.java-1.2.0\jre\17.0.1-win32-x86_64\bin\instrument.dll
0x00007ffd4df60000 - 0x00007ffd4df85000 	c:\Users\ACER\.vscode\extensions\redhat.java-1.2.0\jre\17.0.1-win32-x86_64\bin\java.dll
0x00007ffd5e000000 - 0x00007ffd5e018000 	c:\Users\ACER\.vscode\extensions\redhat.java-1.2.0\jre\17.0.1-win32-x86_64\bin\zip.dll
0x00007ffd70180000 - 0x00007ffd708c4000 	C:\WINDOWS\System32\SHELL32.dll
0x00007ffd6d3f0000 - 0x00007ffd6db84000 	C:\WINDOWS\SYSTEM32\windows.storage.dll
0x00007ffd712a0000 - 0x00007ffd715f5000 	C:\WINDOWS\System32\combase.dll
0x00007ffd6ec80000 - 0x00007ffd6ecae000 	C:\WINDOWS\SYSTEM32\Wldp.dll
0x00007ffd6feb0000 - 0x00007ffd6ff5d000 	C:\WINDOWS\System32\SHCORE.dll
0x00007ffd6fc50000 - 0x00007ffd6fca5000 	C:\WINDOWS\System32\shlwapi.dll
0x00007ffd6f240000 - 0x00007ffd6f25f000 	C:\WINDOWS\SYSTEM32\profapi.dll
0x00007ffd5de80000 - 0x00007ffd5de99000 	C:\Users\ACER\.vscode\extensions\redhat.java-1.2.0\jre\17.0.1-win32-x86_64\bin\net.dll
0x00007ffd64380000 - 0x00007ffd6448c000 	C:\WINDOWS\SYSTEM32\WINHTTP.dll
0x00007ffd6e9e0000 - 0x00007ffd6ea4a000 	C:\WINDOWS\system32\mswsock.dll
0x00007ffd5d980000 - 0x00007ffd5d995000 	C:\Users\ACER\.vscode\extensions\redhat.java-1.2.0\jre\17.0.1-win32-x86_64\bin\nio.dll
0x00007ffd5e270000 - 0x00007ffd5e280000 	c:\Users\ACER\.vscode\extensions\redhat.java-1.2.0\jre\17.0.1-win32-x86_64\bin\verify.dll
0x00007ffd6ebd0000 - 0x00007ffd6ebe8000 	C:\WINDOWS\SYSTEM32\CRYPTSP.dll
0x00007ffd6e360000 - 0x00007ffd6e394000 	C:\WINDOWS\system32\rsaenh.dll
0x00007ffd6f830000 - 0x00007ffd6f857000 	C:\WINDOWS\System32\bcrypt.dll
0x00007ffd6f1c0000 - 0x00007ffd6f1ee000 	C:\WINDOWS\SYSTEM32\USERENV.dll
0x00007ffd6ebf0000 - 0x00007ffd6ebfc000 	C:\WINDOWS\SYSTEM32\CRYPTBASE.dll
0x00007ffd6e6d0000 - 0x00007ffd6e70b000 	C:\WINDOWS\SYSTEM32\IPHLPAPI.DLL
0x00007ffd6fff0000 - 0x00007ffd6fff8000 	C:\WINDOWS\System32\NSI.dll
0x00007ffd65b10000 - 0x00007ffd65b27000 	C:\WINDOWS\SYSTEM32\dhcpcsvc6.DLL
0x00007ffd65920000 - 0x00007ffd6593d000 	C:\WINDOWS\SYSTEM32\dhcpcsvc.DLL
0x00007ffd6e710000 - 0x00007ffd6e7db000 	C:\WINDOWS\SYSTEM32\DNSAPI.dll
0x00007ffd4db50000 - 0x00007ffd4db8e000 	C:\Users\ACER\AppData\Roaming\Code\User\globalStorage\redhat.java\1.2.0\config_ss_win\org.eclipse.equinox.launcher\org.eclipse.equinox.launcher.win32.win32.x86_64_1.2.400.v20211117-0650\eclipse_11602.dll
0x00007ffd710c0000 - 0x00007ffd711ea000 	C:\WINDOWS\System32\ole32.dll
0x00007ffd54480000 - 0x00007ffd54491000 	C:\Users\ACER\AppData\Roaming\Code\User\globalStorage\redhat.java\1.2.0\config_ss_win\org.eclipse.osgi\15\0\.cp\jWinHttp-1.0.0.dll

dbghelp: loaded successfully - version: 4.0.5 - missing functions: none
symbol engine: initialized successfully - sym options: 0x614 - pdb path: .;c:\Users\ACER\.vscode\extensions\redhat.java-1.2.0\jre\17.0.1-win32-x86_64\bin;C:\WINDOWS\SYSTEM32;C:\WINDOWS\WinSxS\amd64_microsoft.windows.common-controls_6595b64144ccf1df_6.0.19041.1110_none_60b5254171f9507e;c:\Users\ACER\.vscode\extensions\redhat.java-1.2.0\jre\17.0.1-win32-x86_64\bin\server;C:\Users\ACER\AppData\Roaming\Code\User\globalStorage\redhat.java\1.2.0\config_ss_win\org.eclipse.equinox.launcher\org.eclipse.equinox.launcher.win32.win32.x86_64_1.2.400.v20211117-0650;C:\Users\ACER\AppData\Roaming\Code\User\globalStorage\redhat.java\1.2.0\config_ss_win\org.eclipse.osgi\15\0\.cp

VM Arguments:
jvm_args: --add-modules=ALL-SYSTEM --add-opens=java.base/java.util=ALL-UNNAMED --add-opens=java.base/java.lang=ALL-UNNAMED -Declipse.application=org.eclipse.jdt.ls.core.id1 -Dosgi.bundles.defaultStartLevel=4 -Declipse.product=org.eclipse.jdt.ls.core.product -Djava.import.generatesMetadataFilesAtProjectRoot=false -Dfile.encoding=utf8 -DwatchParentProcess=false -XX:+UseParallelGC -XX:GCTimeRatio=4 -XX:AdaptiveSizePolicyWeight=90 -Dsun.zip.disableMemoryMapping=true -Xmx1G -Xms100m -javaagent:c:\Users\ACER\.vscode\extensions\gabrielbb.vscode-lombok-1.0.1\server\lombok.jar 
java_command: c:\Users\ACER\.vscode\extensions\redhat.java-1.2.0\server\plugins\org.eclipse.equinox.launcher_1.6.400.v20210924-0641.jar -configuration c:\Users\ACER\AppData\Roaming\Code\User\globalStorage\redhat.java\1.2.0\config_ss_win -data c:\Users\ACER\AppData\Roaming\Code\User\workspaceStorage\91839c9c720871b346667696af2e35f5\redhat.java\ss_ws
java_class_path (initial): c:\Users\ACER\.vscode\extensions\redhat.java-1.2.0\server\plugins\org.eclipse.equinox.launcher_1.6.400.v20210924-0641.jar
Launcher Type: SUN_STANDARD

[Global flags]
    uintx AdaptiveSizePolicyWeight                 = 90                                        {product} {command line}
     intx CICompilerCount                          = 2                                         {product} {ergonomic}
    uintx GCTimeRatio                              = 4                                         {product} {command line}
   size_t InitialHeapSize                          = 104857600                                 {product} {command line}
   size_t MaxHeapSize                              = 1073741824                                {product} {command line}
   size_t MaxNewSize                               = 357564416                                 {product} {ergonomic}
   size_t MinHeapDeltaBytes                        = 524288                                    {product} {ergonomic}
   size_t MinHeapSize                              = 104857600                                 {product} {command line}
   size_t NewSize                                  = 34603008                                  {product} {ergonomic}
    uintx NonNMethodCodeHeapSize                   = 5826188                                {pd product} {ergonomic}
    uintx NonProfiledCodeHeapSize                  = 122916026                              {pd product} {ergonomic}
   size_t OldSize                                  = 70254592                                  {product} {ergonomic}
    uintx ProfiledCodeHeapSize                     = 122916026                              {pd product} {ergonomic}
    uintx ReservedCodeCacheSize                    = 251658240                              {pd product} {ergonomic}
     bool SegmentedCodeCache                       = true                                      {product} {ergonomic}
   size_t SoftMaxHeapSize                          = 1073741824                             {manageable} {ergonomic}
     bool UseCompressedClassPointers               = true                           {product lp64_product} {ergonomic}
     bool UseCompressedOops                        = true                           {product lp64_product} {ergonomic}
     bool UseLargePagesIndividualAllocation        = false                                  {pd product} {ergonomic}
     bool UseParallelGC                            = true                                      {product} {command line}

Logging:
Log output configuration:
 #0: stdout all=warning uptime,level,tags
 #1: stderr all=off uptime,level,tags

Environment Variables:
PATH=C:\Program Files\Common Files\Oracle\Java\javapath;C:\Program Files (x86)\Common Files\Oracle\Java\javapath;C:\WINDOWS\system32;C:\WINDOWS;C:\WINDOWS\System32\Wbem;C:\WINDOWS\System32\WindowsPowerShell\v1.0\;C:\WINDOWS\System32\OpenSSH\;C:\Program Files\MySQL\MySQL Server 8.0\bin;C:\Program Files\Java\jdk-17\bin;C:\Program Files\Git\cmd;D:\FIle Download\aircrack-ng-1.6-win\bin;C:\Program Files\aircrack-ng-1.6-win\bin\aircrack-ng.exe;C:\Users\ACER\AppData\Local\Programs\Microsoft VS Code\bin
USERNAME=ACER
OS=Windows_NT
PROCESSOR_IDENTIFIER=Intel64 Family 6 Model 122 Stepping 1, GenuineIntel



---------------  S Y S T E M  ---------------

OS:
 Windows 10 , 64 bit Build 19041 (10.0.19041.1348)
OS uptime: 0 days 2:37 hours

CPU: total 2 (initial active 2) (2 cores per cpu, 1 threads per core) family 6 model 122 stepping 1 microcode 0x2e, cx8, cmov, fxsr, mmx, 3dnowpref, sse, sse2, sse3, ssse3, sse4.1, sse4.2, popcnt, tsc, tscinvbit, aes, erms, clmul, sha, clflush, clflushopt

Memory: 4k page, system-wide physical 3918M (367M free)
TotalPageFile size 8014M (AvailPageFile size 98M)
current process WorkingSet (physical memory assigned to process): 162M, peak: 186M
current process commit charge ("private bytes"): 232M, peak: 257M

vm_info: OpenJDK 64-Bit Server VM (17.0.1+12) for windows-amd64 JRE (17.0.1+12), built on Oct 20 2021 07:42:55 by "" with MS VC++ 16.7 (VS2019)

END.
